Loading plugins phase: Elapsed time ==> 0s.224ms
<CYPRESSTAG name="CyDsfit arguments...">
cydsfit arguments: -.fdsnotice -.fdswarpdepfile=warp_dependencies.txt -.fdselabdepfile=elab_dependencies.txt -.fdsbldfile=generated_files.txt -.fdsreffile=referenced_files.txt -p C:\INSTALL\University\Units\2024_S1\FIT4701\Laser-Drawing\PSoC Code.cydsn\PSoC Code.cyprj -d CY8C5888LTI-LP097 -s C:\INSTALL\University\Units\2024_S1\FIT4701\Laser-Drawing\PSoC Code.cydsn\Generated_Source\PSoC5 -- -yv2 -q10 -ygs -o2 -v3 -.fftcfgtype=LE
</CYPRESSTAG>
<CYPRESSTAG name="Design elaboration results...">
</CYPRESSTAG>
Elaboration phase: Elapsed time ==> 1s.113ms
<CYPRESSTAG name="HDL generation results...">
</CYPRESSTAG>
HDL generation phase: Elapsed time ==> 0s.059ms
<CYPRESSTAG name="Synthesis results...">

     | | | | | | |
   _________________
  -|               |-
  -|               |-
  -|               |-
  -|    CYPRESS    |-
  -|               |-
  -|               |-   Warp Verilog Synthesis Compiler: Version 6.3 IR 41
  -|               |-   Copyright (C) 1991-2001 Cypress Semiconductor
   |_______________|
     | | | | | | |

======================================================================
Compiling:  PSoC Code.v
Program  :   C:\Program Files (x86)\Cypress\PSoC Creator\4.4\PSoC Creator\warp\bin\warp.exe
Options  :    -yv2 -q10 -ygs -o2 -v3 -.fftcfgtype=LE -ya -.fftprj=C:\INSTALL\University\Units\2024_S1\FIT4701\Laser-Drawing\PSoC Code.cydsn\PSoC Code.cyprj -dcpsoc3 PSoC Code.v -verilog
======================================================================

======================================================================
Compiling:  PSoC Code.v
Program  :   C:\Program Files (x86)\Cypress\PSoC Creator\4.4\PSoC Creator\warp\bin\warp.exe
Options  :    -yv2 -q10 -ygs -o2 -v3 -.fftcfgtype=LE -ya -.fftprj=C:\INSTALL\University\Units\2024_S1\FIT4701\Laser-Drawing\PSoC Code.cydsn\PSoC Code.cyprj -dcpsoc3 PSoC Code.v -verilog
======================================================================

======================================================================
Compiling:  PSoC Code.v
Program  :   vlogfe
Options  :    -yv2 -q10 -ygs -o2 -v3 -.fftcfgtype=LE -ya -.fftprj=C:\INSTALL\University\Units\2024_S1\FIT4701\Laser-Drawing\PSoC Code.cydsn\PSoC Code.cyprj -dcpsoc3 -verilog PSoC Code.v
======================================================================

vlogfe V6.3 IR 41:  Verilog parser
Wed May 15 13:40:24 2024


======================================================================
Compiling:  PSoC Code.v
Program  :   vpp
Options  :    -yv2 -q10 PSoC Code.v
======================================================================

vpp V6.3 IR 41:  Verilog Pre-Processor
Wed May 15 13:40:24 2024

Flattening file 'C:\Program Files (x86)\Cypress\PSoC Creator\4.4\PSoC Creator\psoc\content\CyPrimitives\cyprimitives.cylib\cy_analog_virtualmux_v1_0\cy_analog_virtualmux_v1_0.v'
Flattening file 'C:\Program Files (x86)\Cypress\PSoC Creator\4.4\PSoC Creator\psoc\content\CyPrimitives\cyprimitives.cylib\demux_v1_10\demux_v1_10.v'
Flattening file 'C:\Program Files (x86)\Cypress\PSoC Creator\4.4\PSoC Creator\psoc\content\CyPrimitives\cyprimitives.cylib\cy_virtualmux_v1_0\cy_virtualmux_v1_0.v'
Flattening file 'C:\Program Files (x86)\Cypress\PSoC Creator\4.4\PSoC Creator\psoc\content\CyPrimitives\cyprimitives.cylib\ZeroTerminal\ZeroTerminal.v'
Flattening file 'C:\Program Files (x86)\Cypress\PSoC Creator\4.4\PSoC Creator\psoc\content\CyPrimitives\cyprimitives.cylib\or_v1_0\or_v1_0.v'
Flattening file 'C:\Program Files (x86)\Cypress\PSoC Creator\4.4\PSoC Creator\psoc\content\CyPrimitives\cyprimitives.cylib\cydff_v1_30\cydff_v1_30.v'
Flattening file 'C:\Program Files (x86)\Cypress\PSoC Creator\4.4\PSoC Creator\psoc\content\CyPrimitives\cyprimitives.cylib\cy_constant_v1_0\cy_constant_v1_0.v'

vpp:  No errors.

Library 'work' => directory 'lcpsoc3'
General_symbol_table
General_symbol_table
Linking 'C:\Program Files (x86)\Cypress\PSoC Creator\4.4\PSoC Creator\warp\lib\common\std.vhd'.
Linking 'C:\Program Files (x86)\Cypress\PSoC Creator\4.4\PSoC Creator\warp\lib\common\cypress.vhd'.
Linking 'C:\Program Files (x86)\Cypress\PSoC Creator\4.4\PSoC Creator\warp\lib\common\work\cypress.vif'.
Linking 'C:\Program Files (x86)\Cypress\PSoC Creator\4.4\PSoC Creator\warp\lib\ieee\work\stdlogic.vif'.
Linking 'C:\Program Files (x86)\Cypress\PSoC Creator\4.4\PSoC Creator\warp\lib\common\stdlogic\lpmpkg.vif'.
Linking 'C:\Program Files (x86)\Cypress\PSoC Creator\4.4\PSoC Creator\warp\lib\common\stdlogic\rtlpkg.vif'.
Linking 'C:\Program Files (x86)\Cypress\PSoC Creator\4.4\PSoC Creator\warp\lib\common\stdlogic\mod_cnst.vif'.
Linking 'C:\Program Files (x86)\Cypress\PSoC Creator\4.4\PSoC Creator\warp\lib\common\stdlogic\mod_mthv.vif'.
Linking 'C:\Program Files (x86)\Cypress\PSoC Creator\4.4\PSoC Creator\warp\lib\common\stdlogic\mod_genv.vif'.
Using control file 'PSoC Code.ctl'.

vlogfe:  No errors.


======================================================================
Compiling:  PSoC Code.v
Program  :   tovif
Options  :    -yv2 -q10 -ygs -o2 -v3 -.fftcfgtype=LE -ya -.fftprj=C:\INSTALL\University\Units\2024_S1\FIT4701\Laser-Drawing\PSoC Code.cydsn\PSoC Code.cyprj -dcpsoc3 -verilog PSoC Code.v
======================================================================

tovif V6.3 IR 41:  High-level synthesis
Wed May 15 13:40:24 2024

Linking 'C:\Program Files (x86)\Cypress\PSoC Creator\4.4\PSoC Creator\warp\lib\common\std.vhd'.
Linking 'C:\Program Files (x86)\Cypress\PSoC Creator\4.4\PSoC Creator\warp\lib\common\cypress.vhd'.
Linking 'C:\Program Files (x86)\Cypress\PSoC Creator\4.4\PSoC Creator\warp\lib\common\work\cypress.vif'.
Linking 'C:\Program Files (x86)\Cypress\PSoC Creator\4.4\PSoC Creator\warp\lib\ieee\work\stdlogic.vif'.
Linking 'C:\Program Files (x86)\Cypress\PSoC Creator\4.4\PSoC Creator\warp\lib\common\stdlogic\lpmpkg.vif'.
Linking 'C:\Program Files (x86)\Cypress\PSoC Creator\4.4\PSoC Creator\warp\lib\common\stdlogic\rtlpkg.vif'.
Linking 'C:\Program Files (x86)\Cypress\PSoC Creator\4.4\PSoC Creator\warp\lib\common\stdlogic\mod_cnst.vif'.
Linking 'C:\Program Files (x86)\Cypress\PSoC Creator\4.4\PSoC Creator\warp\lib\common\stdlogic\mod_mthv.vif'.
Linking 'C:\Program Files (x86)\Cypress\PSoC Creator\4.4\PSoC Creator\warp\lib\common\stdlogic\mod_genv.vif'.
Linking 'C:\INSTALL\University\Units\2024_S1\FIT4701\Laser-Drawing\PSoC Code.cydsn\codegentemp\PSoC Code.ctl'.
Linking 'C:\Program Files (x86)\Cypress\PSoC Creator\4.4\PSoC Creator\psoc\content\CyPrimitives\cyprimitives.cylib\cy_analog_virtualmux_v1_0\cy_analog_virtualmux_v1_0.v'.
Linking 'C:\INSTALL\University\Units\2024_S1\FIT4701\Laser-Drawing\PSoC Code.cydsn\codegentemp\PSoC Code.v'.
Linking 'C:\Program Files (x86)\Cypress\PSoC Creator\4.4\PSoC Creator\psoc\content\CyPrimitives\cyprimitives.cylib\demux_v1_10\demux_v1_10.v'.
Linking 'C:\Program Files (x86)\Cypress\PSoC Creator\4.4\PSoC Creator\psoc\content\CyPrimitives\cyprimitives.cylib\cy_virtualmux_v1_0\cy_virtualmux_v1_0.v'.
Linking 'C:\Program Files (x86)\Cypress\PSoC Creator\4.4\PSoC Creator\psoc\content\CyPrimitives\cyprimitives.cylib\ZeroTerminal\ZeroTerminal.v'.
Linking 'C:\Program Files (x86)\Cypress\PSoC Creator\4.4\PSoC Creator\psoc\content\CyPrimitives\cyprimitives.cylib\or_v1_0\or_v1_0.v'.
Linking 'C:\Program Files (x86)\Cypress\PSoC Creator\4.4\PSoC Creator\psoc\content\CyPrimitives\cyprimitives.cylib\cydff_v1_30\cydff_v1_30.v'.
Linking 'C:\Program Files (x86)\Cypress\PSoC Creator\4.4\PSoC Creator\psoc\content\CyPrimitives\cyprimitives.cylib\cy_constant_v1_0\cy_constant_v1_0.v'.

tovif:  No errors.


======================================================================
Compiling:  PSoC Code.v
Program  :   topld
Options  :    -yv2 -q10 -ygs -o2 -v3 -.fftcfgtype=LE -ya -.fftprj=C:\INSTALL\University\Units\2024_S1\FIT4701\Laser-Drawing\PSoC Code.cydsn\PSoC Code.cyprj -dcpsoc3 -verilog PSoC Code.v
======================================================================

topld V6.3 IR 41:  Synthesis and optimization
Wed May 15 13:40:25 2024

Linking 'C:\Program Files (x86)\Cypress\PSoC Creator\4.4\PSoC Creator\warp\lib\common\std.vhd'.
Linking 'C:\Program Files (x86)\Cypress\PSoC Creator\4.4\PSoC Creator\warp\lib\common\cypress.vhd'.
Linking 'C:\Program Files (x86)\Cypress\PSoC Creator\4.4\PSoC Creator\warp\lib\common\work\cypress.vif'.
Linking 'C:\Program Files (x86)\Cypress\PSoC Creator\4.4\PSoC Creator\warp\lib\ieee\work\stdlogic.vif'.
Linking 'C:\Program Files (x86)\Cypress\PSoC Creator\4.4\PSoC Creator\warp\lib\common\stdlogic\lpmpkg.vif'.
Linking 'C:\Program Files (x86)\Cypress\PSoC Creator\4.4\PSoC Creator\warp\lib\common\stdlogic\rtlpkg.vif'.
Linking 'C:\Program Files (x86)\Cypress\PSoC Creator\4.4\PSoC Creator\warp\lib\common\stdlogic\mod_cnst.vif'.
Linking 'C:\Program Files (x86)\Cypress\PSoC Creator\4.4\PSoC Creator\warp\lib\common\stdlogic\mod_mthv.vif'.
Linking 'C:\Program Files (x86)\Cypress\PSoC Creator\4.4\PSoC Creator\warp\lib\common\stdlogic\mod_genv.vif'.
Linking 'C:\INSTALL\University\Units\2024_S1\FIT4701\Laser-Drawing\PSoC Code.cydsn\codegentemp\PSoC Code.ctl'.
Linking 'C:\Program Files (x86)\Cypress\PSoC Creator\4.4\PSoC Creator\psoc\content\CyPrimitives\cyprimitives.cylib\cy_analog_virtualmux_v1_0\cy_analog_virtualmux_v1_0.v'.
Linking 'C:\INSTALL\University\Units\2024_S1\FIT4701\Laser-Drawing\PSoC Code.cydsn\codegentemp\PSoC Code.v'.
Linking 'C:\Program Files (x86)\Cypress\PSoC Creator\4.4\PSoC Creator\psoc\content\CyPrimitives\cyprimitives.cylib\demux_v1_10\demux_v1_10.v'.
Linking 'C:\Program Files (x86)\Cypress\PSoC Creator\4.4\PSoC Creator\psoc\content\CyPrimitives\cyprimitives.cylib\cy_virtualmux_v1_0\cy_virtualmux_v1_0.v'.
Linking 'C:\Program Files (x86)\Cypress\PSoC Creator\4.4\PSoC Creator\psoc\content\CyPrimitives\cyprimitives.cylib\ZeroTerminal\ZeroTerminal.v'.
Linking 'C:\Program Files (x86)\Cypress\PSoC Creator\4.4\PSoC Creator\psoc\content\CyPrimitives\cyprimitives.cylib\or_v1_0\or_v1_0.v'.
Linking 'C:\Program Files (x86)\Cypress\PSoC Creator\4.4\PSoC Creator\psoc\content\CyPrimitives\cyprimitives.cylib\cydff_v1_30\cydff_v1_30.v'.
Linking 'C:\Program Files (x86)\Cypress\PSoC Creator\4.4\PSoC Creator\psoc\content\CyPrimitives\cyprimitives.cylib\cy_constant_v1_0\cy_constant_v1_0.v'.
Linking 'C:\Program Files (x86)\Cypress\PSoC Creator\4.4\PSoC Creator\warp\lib\lcpsoc3\stdlogic\cpsoc3.vif'.

----------------------------------------------------------
Detecting unused logic.
----------------------------------------------------------
    User names
	\SineWaveX:Net_280\
	\SineWaveX:Net_80\
	\SineWaveY:Net_280\
	\SineWaveY:Net_80\


Deleted 4 User equations/components.
Deleted 0 Synthesized equations/components.

------------------------------------------------------
Alias Detection
------------------------------------------------------
Aliasing \SineWaveX:VDAC8:Net_83\ to zero
Aliasing \SineWaveX:VDAC8:Net_81\ to zero
Aliasing \SineWaveX:VDAC8:Net_82\ to zero
Aliasing Net_2 to zero
Aliasing \SineWaveY:VDAC8:Net_83\ to zero
Aliasing \SineWaveY:VDAC8:Net_81\ to zero
Aliasing \SineWaveY:VDAC8:Net_82\ to zero
Aliasing Net_25 to zero
Aliasing one to tmpOE__X_axis_net_0
Aliasing tmpOE__Y_axis_net_0 to tmpOE__X_axis_net_0
Aliasing tmpOE__LED_net_0 to tmpOE__X_axis_net_0
Aliasing tmpOE__Switch_Input_net_0 to tmpOE__X_axis_net_0
Removing Rhs of wire \SineWaveX:Net_183\[12] = \SineWaveX:demux:tmp__demux_0_reg\[18]
Removing Rhs of wire \SineWaveX:Net_107\[16] = \SineWaveX:demux:tmp__demux_1_reg\[21]
Removing Rhs of wire \SineWaveX:Net_134\[19] = \SineWaveX:cydff_1\[36]
Removing Lhs of wire \SineWaveX:Net_336\[20] = \SineWaveX:Net_279\[3]
Removing Lhs of wire \SineWaveX:VDAC8:Net_83\[23] = zero[13]
Removing Lhs of wire \SineWaveX:VDAC8:Net_81\[24] = zero[13]
Removing Lhs of wire \SineWaveX:VDAC8:Net_82\[25] = zero[13]
Removing Lhs of wire Net_2[37] = zero[13]
Removing Rhs of wire \SineWaveY:Net_183\[50] = \SineWaveY:demux:tmp__demux_0_reg\[55]
Removing Rhs of wire \SineWaveY:Net_107\[53] = \SineWaveY:demux:tmp__demux_1_reg\[58]
Removing Rhs of wire \SineWaveY:Net_134\[56] = \SineWaveY:cydff_1\[73]
Removing Lhs of wire \SineWaveY:Net_336\[57] = \SineWaveY:Net_279\[41]
Removing Lhs of wire \SineWaveY:VDAC8:Net_83\[60] = zero[13]
Removing Lhs of wire \SineWaveY:VDAC8:Net_81\[61] = zero[13]
Removing Lhs of wire \SineWaveY:VDAC8:Net_82\[62] = zero[13]
Removing Lhs of wire Net_25[74] = zero[13]
Removing Lhs of wire one[80] = tmpOE__X_axis_net_0[76]
Removing Lhs of wire tmpOE__Y_axis_net_0[83] = tmpOE__X_axis_net_0[76]
Removing Lhs of wire tmpOE__LED_net_0[91] = tmpOE__X_axis_net_0[76]
Removing Lhs of wire tmpOE__Switch_Input_net_0[97] = tmpOE__X_axis_net_0[76]
Removing Lhs of wire \SineWaveX:cydff_1\\D\[102] = zero[13]
Removing Lhs of wire \SineWaveY:cydff_1\\D\[103] = zero[13]

------------------------------------------------------
Aliased 0 equations, 22 wires.
------------------------------------------------------

----------------------------------------------------------
Circuit simplification
----------------------------------------------------------

Substituting virtuals - pass 1:


----------------------------------------------------------
Circuit simplification results:

	Expanded 0 signals.
	Turned 0 signals into soft nodes.
	Maximum default expansion cost was set at 3.
----------------------------------------------------------

topld:  No errors.

CYPRESS_DIR    : C:\Program Files (x86)\Cypress\PSoC Creator\4.4\PSoC Creator\warp
Warp Program   : C:\Program Files (x86)\Cypress\PSoC Creator\4.4\PSoC Creator\warp\bin\warp.exe
Warp Arguments : -yv2 -q10 -ygs -o2 -v3 -.fftcfgtype=LE -ya "-.fftprj=C:\INSTALL\University\Units\2024_S1\FIT4701\Laser-Drawing\PSoC Code.cydsn\PSoC Code.cyprj" -dcpsoc3 "PSoC Code.v" -verilog
</CYPRESSTAG>
Warp synthesis phase: Elapsed time ==> 0s.994ms
<CYPRESSTAG name="Fitter results...">
<CYPRESSTAG name="Fitter startup details...">
cyp3fit: V4.4.0.80, Family: PSoC3, Started at: Wednesday, 15 May 2024 13:40:25
Options: -yv2 -q10 -ygs -o2 -v3 -.fftcfgtype=LE -ya -.fftprj=C:\INSTALL\University\Units\2024_S1\FIT4701\Laser-Drawing\PSoC Code.cydsn\PSoC Code.cyprj -d CY8C5888LTI-LP097 PSoC Code.v -verilog
</CYPRESSTAG>
<CYPRESSTAG name="Design parsing">
Design parsing phase: Elapsed time ==> 0s.066ms
</CYPRESSTAG>
<CYPRESSTAG name="Tech Mapping">
<CYPRESSTAG name="Initial Mapping" icon="FILE_RPT_TECHM">
    Converted constant MacroCell: \SineWaveX:Net_134\ from registered to combinatorial
    Converted constant MacroCell: \SineWaveY:Net_134\ from registered to combinatorial
<CYPRESSTAG name="Global Clock Selection" icon="FILE_RPT_TECHM">
    Digital Clock 0: Automatic-assigning  clock 'Clock_1'. Fanout=1, Signal=Net_31
    Digital Clock 1: Automatic-assigning  clock 'SineWaveX_DacClk'. Fanout=3, Signal=\SineWaveX:Net_279\
    Digital Clock 2: Automatic-assigning  clock 'SineWaveY_DacClk'. Fanout=3, Signal=\SineWaveY:Net_279\
</CYPRESSTAG>
<CYPRESSTAG name="UDB Clock/Enable Remapping Results">
</CYPRESSTAG>

Removing unused cells resulting from optimization
Done removing unused cells.
<CYPRESSTAG name="Duplicate Macrocell detection">
</CYPRESSTAG>
</CYPRESSTAG>
<CYPRESSTAG name="Duplicate Macrocell detection">
</CYPRESSTAG>
<CYPRESSTAG name="Design Equations" icon="FILE_RPT_EQUATION">

------------------------------------------------------------
Design Equations
------------------------------------------------------------
    <CYPRESSTAG name="Pin listing">

    ------------------------------------------------------------
    Pin listing
    ------------------------------------------------------------

    Pin : Name = X_axis(0)
        Attributes:
            In Group/Port: True
            In Sync Option: AUTO
            Out Sync Option: AUTO
            Interrupt generated: False
            Interrupt mode: NONE
            Drive mode: HI_Z_ANALOG
            VTrip: EITHER
            Slew: FAST
            Input Sync needed: False
            Output Sync needed: False
            SC shield enabled: False
            POR State: ANY
            LCD Mode: COMMON
            Register Mode: RegComb
            CaSense Mode: NEITHER
            Treat as pin: True
            Is OE Registered: False
            Uses Analog: True
            Can contain Digital: False
            Is SIO: False
            SIO Output Buf: NONREGULATED
            SIO Input Buf: SINGLE_ENDED
            SIO HiFreq: LOW
            SIO Hyst: DISABLED
            SIO Vtrip: MULTIPLIER_0_5
            SIO Multiplier Index: 0
            SIO RefSel: VCC_IO
            Required Capabilities: ANALOG
            Initial Value: 0
            IO Voltage: 0
        PORT MAP (
            pa_out => X_axis(0)__PA ,
            analog_term => Net_19 ,
            pad => X_axis(0)_PAD );
        Properties:
        {
        }

    Pin : Name = Y_axis(0)
        Attributes:
            In Group/Port: True
            In Sync Option: AUTO
            Out Sync Option: AUTO
            Interrupt generated: False
            Interrupt mode: NONE
            Drive mode: HI_Z_ANALOG
            VTrip: EITHER
            Slew: FAST
            Input Sync needed: False
            Output Sync needed: False
            SC shield enabled: False
            POR State: ANY
            LCD Mode: COMMON
            Register Mode: RegComb
            CaSense Mode: NEITHER
            Treat as pin: True
            Is OE Registered: False
            Uses Analog: True
            Can contain Digital: False
            Is SIO: False
            SIO Output Buf: NONREGULATED
            SIO Input Buf: SINGLE_ENDED
            SIO HiFreq: LOW
            SIO Hyst: DISABLED
            SIO Vtrip: MULTIPLIER_0_5
            SIO Multiplier Index: 0
            SIO RefSel: VCC_IO
            Required Capabilities: ANALOG
            Initial Value: 0
            IO Voltage: 0
        PORT MAP (
            pa_out => Y_axis(0)__PA ,
            analog_term => Net_22 ,
            pad => Y_axis(0)_PAD );
        Properties:
        {
        }

    Pin : Name = LED(0)
        Attributes:
            In Group/Port: True
            In Sync Option: AUTO
            Out Sync Option: NOSYNC
            Interrupt generated: False
            Interrupt mode: NONE
            Drive mode: CMOS_OUT
            VTrip: EITHER
            Slew: FAST
            Input Sync needed: False
            Output Sync needed: False
            SC shield enabled: False
            POR State: ANY
            LCD Mode: COMMON
            Register Mode: RegComb
            CaSense Mode: NEITHER
            Treat as pin: True
            Is OE Registered: False
            Uses Analog: False
            Can contain Digital: True
            Is SIO: False
            SIO Output Buf: NONREGULATED
            SIO Input Buf: SINGLE_ENDED
            SIO HiFreq: LOW
            SIO Hyst: DISABLED
            SIO Vtrip: MULTIPLIER_0_5
            SIO Multiplier Index: 0
            SIO RefSel: VCC_IO
            Required Capabilities: DIGITAL, ROUTABLE
            Initial Value: 0
            IO Voltage: 0
        PORT MAP (
            pa_out => LED(0)__PA ,
            pin_input => Net_31_local ,
            pad => LED(0)_PAD );
        Properties:
        {
        }

    Pin : Name = Switch_Input(0)
        Attributes:
            In Group/Port: True
            In Sync Option: NOSYNC
            Out Sync Option: AUTO
            Interrupt generated: False
            Interrupt mode: NONE
            Drive mode: RES_PULL_DOWN
            VTrip: CMOS
            Slew: FAST
            Input Sync needed: False
            Output Sync needed: False
            SC shield enabled: False
            POR State: ANY
            LCD Mode: COMMON
            Register Mode: RegComb
            CaSense Mode: NEITHER
            Treat as pin: True
            Is OE Registered: False
            Uses Analog: False
            Can contain Digital: True
            Is SIO: False
            SIO Output Buf: NONREGULATED
            SIO Input Buf: SINGLE_ENDED
            SIO HiFreq: LOW
            SIO Hyst: DISABLED
            SIO Vtrip: MULTIPLIER_0_5
            SIO Multiplier Index: 0
            SIO RefSel: VCC_IO
            Required Capabilities: DIGITAL
            Initial Value: 0
            IO Voltage: 0
        PORT MAP (
            pa_out => Switch_Input(0)__PA ,
            pad => Switch_Input(0)_PAD );
        Properties:
        {
        }
    </CYPRESSTAG>
    <CYPRESSTAG name="Macrocell listing" icon="FILE_RPT_EQUATION">
    </CYPRESSTAG>
    <CYPRESSTAG name="Datapath listing">
    </CYPRESSTAG>
    <CYPRESSTAG name="Status register listing">
    </CYPRESSTAG>
    <CYPRESSTAG name="StatusI register listing">
    </CYPRESSTAG>
    <CYPRESSTAG name="Sync listing">
    </CYPRESSTAG>
    <CYPRESSTAG name="Control register listing">
    </CYPRESSTAG>
    <CYPRESSTAG name="Count7 listing">
    </CYPRESSTAG>
    <CYPRESSTAG name="DRQ listing">

    ------------------------------------------------------------
    DRQ listing
    ------------------------------------------------------------

    drqcell: Name =\SineWaveX:Wave1_DMA\
        PORT MAP (
            dmareq => \SineWaveX:Net_279_local\ ,
            termin => zero ,
            termout => Net_4 );
        Properties:
        {
            drq_type = "10"
            num_tds = 0
        }

    drqcell: Name =\SineWaveX:Wave2_DMA\
        PORT MAP (
            termin => zero ,
            termout => Net_5 );
        Properties:
        {
            drq_type = "10"
            num_tds = 0
        }

    drqcell: Name =\SineWaveY:Wave1_DMA\
        PORT MAP (
            dmareq => \SineWaveY:Net_279_local\ ,
            termin => zero ,
            termout => Net_23 );
        Properties:
        {
            drq_type = "10"
            num_tds = 0
        }

    drqcell: Name =\SineWaveY:Wave2_DMA\
        PORT MAP (
            termin => zero ,
            termout => Net_24 );
        Properties:
        {
            drq_type = "10"
            num_tds = 0
        }
    </CYPRESSTAG>
    <CYPRESSTAG name="Interrupt listing">
    </CYPRESSTAG>
</CYPRESSTAG>
<CYPRESSTAG name="Technology mapping summary" expanded>

------------------------------------------------------------
Technology mapping summary
------------------------------------------------------------

Resource Type                 : Used : Free :  Max :  % Used
============================================================
Digital Clocks                :    3 :    5 :    8 : 37.50 %
Analog Clocks                 :    0 :    4 :    4 :  0.00 %
CapSense Buffers              :    0 :    2 :    2 :  0.00 %
Digital Filter Block          :    0 :    1 :    1 :  0.00 %
Interrupts                    :    0 :   32 :   32 :  0.00 %
IO                            :    7 :   41 :   48 : 14.58 %
Segment LCD                   :    0 :    1 :    1 :  0.00 %
CAN 2.0b                      :    0 :    1 :    1 :  0.00 %
I2C                           :    0 :    1 :    1 :  0.00 %
USB                           :    0 :    1 :    1 :  0.00 %
DMA Channels                  :    4 :   20 :   24 : 16.67 %
Timer                         :    0 :    4 :    4 :  0.00 %
UDB                           :      :      :      :        
  Macrocells                  :    0 :  192 :  192 :  0.00 %
  Unique P-terms              :    0 :  384 :  384 :  0.00 %
  Total P-terms               :    0 :      :      :        
  Datapath Cells              :    0 :   24 :   24 :  0.00 %
  Status Cells                :    0 :   24 :   24 :  0.00 %
  Control Cells               :    0 :   24 :   24 :  0.00 %
Opamp                         :    2 :    2 :    4 : 50.00 %
Comparator                    :    0 :    4 :    4 :  0.00 %
Delta-Sigma ADC               :    0 :    1 :    1 :  0.00 %
LPF                           :    0 :    2 :    2 :  0.00 %
SAR ADC                       :    0 :    2 :    2 :  0.00 %
Analog (SC/CT) Blocks         :    0 :    4 :    4 :  0.00 %
DAC                           :      :      :      :        
  VIDAC                       :    2 :    2 :    4 : 50.00 %
</CYPRESSTAG>
Technology Mapping: Elapsed time ==> 0s.124ms
Tech Mapping phase: Elapsed time ==> 0s.251ms
</CYPRESSTAG>
<CYPRESSTAG name="Analog Placement">
Initial Analog Placement Results:
IO_1@[IOP=(2)][IoId=(1)] : LED(0) (fixed)
IO_2@[IOP=(2)][IoId=(2)] : Switch_Input(0) (fixed)
IO_6@[IOP=(0)][IoId=(6)] : X_axis(0) (fixed)
IO_7@[IOP=(0)][IoId=(7)] : Y_axis(0) (fixed)
OpAmp[3]@[FFB(OpAmp,3)] : \SineWaveX:BuffAmp:ABuf\ (OPAMP-GPIO)
VIDAC[2]@[FFB(VIDAC,2)] : \SineWaveX:VDAC8:viDAC8\
OpAmp[0]@[FFB(OpAmp,0)] : \SineWaveY:BuffAmp:ABuf\ (OPAMP-GPIO)
VIDAC[0]@[FFB(VIDAC,0)] : \SineWaveY:VDAC8:viDAC8\
IO_1@[IOP=(0)][IoId=(1)] : Dedicated_Output (OPAMP-GPIO)
IO_7@[IOP=(3)][IoId=(7)] : Dedicated_Output_1 (OPAMP-GPIO)
Log: apr.M0058: The analog placement iterative improvement is 48% done. (App=cydsfit)
Analog Placement Results:
IO_1@[IOP=(2)][IoId=(1)] : LED(0) (fixed)
IO_2@[IOP=(2)][IoId=(2)] : Switch_Input(0) (fixed)
IO_6@[IOP=(0)][IoId=(6)] : X_axis(0) (fixed)
IO_7@[IOP=(0)][IoId=(7)] : Y_axis(0) (fixed)
OpAmp[1]@[FFB(OpAmp,1)] : \SineWaveX:BuffAmp:ABuf\ (OPAMP-GPIO)
VIDAC[3]@[FFB(VIDAC,3)] : \SineWaveX:VDAC8:viDAC8\
OpAmp[2]@[FFB(OpAmp,2)] : \SineWaveY:BuffAmp:ABuf\ (OPAMP-GPIO)
VIDAC[2]@[FFB(VIDAC,2)] : \SineWaveY:VDAC8:viDAC8\
IO_0@[IOP=(0)][IoId=(0)] : Dedicated_Output (OPAMP-GPIO)
IO_6@[IOP=(3)][IoId=(6)] : Dedicated_Output_1 (OPAMP-GPIO)

Analog Placement phase: Elapsed time ==> 0s.628ms
</CYPRESSTAG>
<CYPRESSTAG name="Analog Routing">
Analog Routing phase: Elapsed time ==> 0s.012ms
</CYPRESSTAG>
<CYPRESSTAG name="Analog Code Generation">
============ Analog Final Answer Routes ============
Dump of CyAnalogRoutingResultsDB
Map of net to items {
  Net: Net_19 {
    p3_6
    agr6_x_p3_6
    agr6
    agl6_x_agr6
    agl6
    agl6_x_p0_6
    p0_6
    agr6_x_opamp_1_vminus
    opamp_1_vminus
  }
  Net: Net_22 {
    p0_0
    amuxbusl_x_p0_0
    amuxbusl
    amuxbusl_x_p0_7
    p0_7
    opamp_2_vminus_x_p0_0
    opamp_2_vminus
  }
  Net: \SineWaveX:Net_189\ {
    vidac_3_vout
    agr4_x_vidac_3_vout
    agr4
    agr4_x_opamp_1_vplus
    opamp_1_vplus
  }
  Net: \SineWaveX:VDAC8:Net_77\ {
  }
  Net: \SineWaveY:Net_189\ {
    vidac_2_vout
    agl5_x_vidac_2_vout
    agl5
    agl5_x_opamp_2_vplus
    opamp_2_vplus
  }
  Net: \SineWaveY:VDAC8:Net_77\ {
  }
}
Map of item to net {
  p3_6                                             -> Net_19
  agr6_x_p3_6                                      -> Net_19
  agr6                                             -> Net_19
  agl6_x_agr6                                      -> Net_19
  agl6                                             -> Net_19
  agl6_x_p0_6                                      -> Net_19
  p0_6                                             -> Net_19
  agr6_x_opamp_1_vminus                            -> Net_19
  opamp_1_vminus                                   -> Net_19
  p0_0                                             -> Net_22
  amuxbusl_x_p0_0                                  -> Net_22
  amuxbusl                                         -> Net_22
  amuxbusl_x_p0_7                                  -> Net_22
  p0_7                                             -> Net_22
  opamp_2_vminus_x_p0_0                            -> Net_22
  opamp_2_vminus                                   -> Net_22
  vidac_3_vout                                     -> \SineWaveX:Net_189\
  agr4_x_vidac_3_vout                              -> \SineWaveX:Net_189\
  agr4                                             -> \SineWaveX:Net_189\
  agr4_x_opamp_1_vplus                             -> \SineWaveX:Net_189\
  opamp_1_vplus                                    -> \SineWaveX:Net_189\
  vidac_2_vout                                     -> \SineWaveY:Net_189\
  agl5_x_vidac_2_vout                              -> \SineWaveY:Net_189\
  agl5                                             -> \SineWaveY:Net_189\
  agl5_x_opamp_2_vplus                             -> \SineWaveY:Net_189\
  opamp_2_vplus                                    -> \SineWaveY:Net_189\
}
Mux Info {
}
Dump of CyP35AnalogRoutingResultsDB
IsVddaHalfUsedForComp = False
IsVddaHalfUsedForSar0 = False
IsVddaHalfUsedForSar1 = False
Analog Code Generation phase: Elapsed time ==> 0s.171ms
</CYPRESSTAG>
<CYPRESSTAG name="Digital Placement">
<CYPRESSTAG name="Detailed placement messages">
I2659: No Constrained paths were found. The placer will run in non-timing driven mode.
I2076: Total run-time: 0.4 sec.

</CYPRESSTAG>
<CYPRESSTAG name="PLD Packing">
<CYPRESSTAG name="PLD Packing Summary">
No PLDs were packed.
</CYPRESSTAG>
PLD Packing: Elapsed time ==> 0s.008ms
</CYPRESSTAG>
<CYPRESSTAG name="Partitioning">
<CYPRESSTAG name="Initial Partitioning Summary">
Initial Partitioning Summary not displayed at this verbose level.</CYPRESSTAG>
<CYPRESSTAG name="Final Partitioning Summary">
Final Partitioning Summary not displayed at this verbose level.</CYPRESSTAG>
Partitioning: Elapsed time ==> 0s.049ms
</CYPRESSTAG>
<CYPRESSTAG name="Final Placement Summary">

------------------------------------------------------------
Final Placement Summary
------------------------------------------------------------

       Resource Type :      Count : Avg Inputs : Avg Outputs
    ========================================================
                 UDB :          0 :       0.00 :       0.00
<CYPRESSTAG name="Final Placement Details">
<CYPRESSTAG name="Component Details">

------------------------------------------------------------
Component Placement Details
------------------------------------------------------------
UDB [UDB=(0,0)] is empty.
UDB [UDB=(0,1)] is empty.
UDB [UDB=(0,2)] is empty.
UDB [UDB=(0,3)] is empty.
UDB [UDB=(0,4)] is empty.
UDB [UDB=(0,5)] is empty.
UDB [UDB=(1,0)] is empty.
UDB [UDB=(1,1)] is empty.
UDB [UDB=(1,2)] is empty.
UDB [UDB=(1,3)] is empty.
UDB [UDB=(1,4)] is empty.
UDB [UDB=(1,5)] is empty.
UDB [UDB=(2,0)] is empty.
UDB [UDB=(2,1)] is empty.
UDB [UDB=(2,2)] is empty.
UDB [UDB=(2,3)] is empty.
UDB [UDB=(2,4)] is empty.
UDB [UDB=(2,5)] is empty.
UDB [UDB=(3,0)] is empty.
UDB [UDB=(3,1)] is empty.
UDB [UDB=(3,2)] is empty.
UDB [UDB=(3,3)] is empty.
UDB [UDB=(3,4)] is empty.
UDB [UDB=(3,5)] is empty.
Intr container @ [IntrContainer=(0)]: empty
Drq container @ [DrqContainer=(0)]: 
  Dma@ [DrqContainer=(0)][DrqId=(0)] 
    drqcell: Name =\SineWaveX:Wave1_DMA\
        PORT MAP (
            dmareq => \SineWaveX:Net_279_local\ ,
            termin => zero ,
            termout => Net_4 );
        Properties:
        {
            drq_type = "10"
            num_tds = 0
        }
  Dma@ [DrqContainer=(0)][DrqId=(1)] 
    drqcell: Name =\SineWaveX:Wave2_DMA\
        PORT MAP (
            termin => zero ,
            termout => Net_5 );
        Properties:
        {
            drq_type = "10"
            num_tds = 0
        }
  Dma@ [DrqContainer=(0)][DrqId=(2)] 
    drqcell: Name =\SineWaveY:Wave1_DMA\
        PORT MAP (
            dmareq => \SineWaveY:Net_279_local\ ,
            termin => zero ,
            termout => Net_23 );
        Properties:
        {
            drq_type = "10"
            num_tds = 0
        }
  Dma@ [DrqContainer=(0)][DrqId=(3)] 
    drqcell: Name =\SineWaveY:Wave2_DMA\
        PORT MAP (
            termin => zero ,
            termout => Net_24 );
        Properties:
        {
            drq_type = "10"
            num_tds = 0
        }
Port 0 contains the following IO cells:
[IoId=0]: 
Pin : Name = Dedicated_Output
    Attributes:
        In Group/Port: False
        In Sync Option: AUTO
        Out Sync Option: AUTO
        Interrupt generated: False
        Interrupt mode: NONE
        Drive mode: HI_Z_ANALOG
        VTrip: EITHER
        Slew: FAST
        Input Sync needed: False
        Output Sync needed: False
        SC shield enabled: False
        POR State: ANY
        LCD Mode: COMMON
        Register Mode: RegComb
        CaSense Mode: NEITHER
        Treat as pin: True
        Is OE Registered: False
        Uses Analog: True
        Can contain Digital: False
        Is SIO: False
        SIO Output Buf: NONREGULATED
        SIO Input Buf: SINGLE_ENDED
        SIO HiFreq: LOW
        SIO Hyst: DISABLED
        SIO Vtrip: MULTIPLIER_0_5
        SIO Multiplier Index: 0
        SIO RefSel: VCC_IO
        Required Capabilities: ANALOG
        Initial Value: 0
        IO Voltage: 0
    PORT MAP (
        pa_out => Dedicated_Output__PA ,
        analog_term => Net_22 );
    Properties:
    {
    }

[IoId=6]: 
Pin : Name = X_axis(0)
    Attributes:
        In Group/Port: True
        In Sync Option: AUTO
        Out Sync Option: AUTO
        Interrupt generated: False
        Interrupt mode: NONE
        Drive mode: HI_Z_ANALOG
        VTrip: EITHER
        Slew: FAST
        Input Sync needed: False
        Output Sync needed: False
        SC shield enabled: False
        POR State: ANY
        LCD Mode: COMMON
        Register Mode: RegComb
        CaSense Mode: NEITHER
        Treat as pin: True
        Is OE Registered: False
        Uses Analog: True
        Can contain Digital: False
        Is SIO: False
        SIO Output Buf: NONREGULATED
        SIO Input Buf: SINGLE_ENDED
        SIO HiFreq: LOW
        SIO Hyst: DISABLED
        SIO Vtrip: MULTIPLIER_0_5
        SIO Multiplier Index: 0
        SIO RefSel: VCC_IO
        Required Capabilities: ANALOG
        Initial Value: 0
        IO Voltage: 0
    PORT MAP (
        pa_out => X_axis(0)__PA ,
        analog_term => Net_19 ,
        pad => X_axis(0)_PAD );
    Properties:
    {
    }

[IoId=7]: 
Pin : Name = Y_axis(0)
    Attributes:
        In Group/Port: True
        In Sync Option: AUTO
        Out Sync Option: AUTO
        Interrupt generated: False
        Interrupt mode: NONE
        Drive mode: HI_Z_ANALOG
        VTrip: EITHER
        Slew: FAST
        Input Sync needed: False
        Output Sync needed: False
        SC shield enabled: False
        POR State: ANY
        LCD Mode: COMMON
        Register Mode: RegComb
        CaSense Mode: NEITHER
        Treat as pin: True
        Is OE Registered: False
        Uses Analog: True
        Can contain Digital: False
        Is SIO: False
        SIO Output Buf: NONREGULATED
        SIO Input Buf: SINGLE_ENDED
        SIO HiFreq: LOW
        SIO Hyst: DISABLED
        SIO Vtrip: MULTIPLIER_0_5
        SIO Multiplier Index: 0
        SIO RefSel: VCC_IO
        Required Capabilities: ANALOG
        Initial Value: 0
        IO Voltage: 0
    PORT MAP (
        pa_out => Y_axis(0)__PA ,
        analog_term => Net_22 ,
        pad => Y_axis(0)_PAD );
    Properties:
    {
    }

Port 1 contains the following IO cells:
Port 2 contains the following IO cells:
[IoId=1]: 
Pin : Name = LED(0)
    Attributes:
        In Group/Port: True
        In Sync Option: AUTO
        Out Sync Option: NOSYNC
        Interrupt generated: False
        Interrupt mode: NONE
        Drive mode: CMOS_OUT
        VTrip: EITHER
        Slew: FAST
        Input Sync needed: False
        Output Sync needed: False
        SC shield enabled: False
        POR State: ANY
        LCD Mode: COMMON
        Register Mode: RegComb
        CaSense Mode: NEITHER
        Treat as pin: True
        Is OE Registered: False
        Uses Analog: False
        Can contain Digital: True
        Is SIO: False
        SIO Output Buf: NONREGULATED
        SIO Input Buf: SINGLE_ENDED
        SIO HiFreq: LOW
        SIO Hyst: DISABLED
        SIO Vtrip: MULTIPLIER_0_5
        SIO Multiplier Index: 0
        SIO RefSel: VCC_IO
        Required Capabilities: DIGITAL, ROUTABLE
        Initial Value: 0
        IO Voltage: 0
    PORT MAP (
        pa_out => LED(0)__PA ,
        pin_input => Net_31_local ,
        pad => LED(0)_PAD );
    Properties:
    {
    }

[IoId=2]: 
Pin : Name = Switch_Input(0)
    Attributes:
        In Group/Port: True
        In Sync Option: NOSYNC
        Out Sync Option: AUTO
        Interrupt generated: False
        Interrupt mode: NONE
        Drive mode: RES_PULL_DOWN
        VTrip: CMOS
        Slew: FAST
        Input Sync needed: False
        Output Sync needed: False
        SC shield enabled: False
        POR State: ANY
        LCD Mode: COMMON
        Register Mode: RegComb
        CaSense Mode: NEITHER
        Treat as pin: True
        Is OE Registered: False
        Uses Analog: False
        Can contain Digital: True
        Is SIO: False
        SIO Output Buf: NONREGULATED
        SIO Input Buf: SINGLE_ENDED
        SIO HiFreq: LOW
        SIO Hyst: DISABLED
        SIO Vtrip: MULTIPLIER_0_5
        SIO Multiplier Index: 0
        SIO RefSel: VCC_IO
        Required Capabilities: DIGITAL
        Initial Value: 0
        IO Voltage: 0
    PORT MAP (
        pa_out => Switch_Input(0)__PA ,
        pad => Switch_Input(0)_PAD );
    Properties:
    {
    }

Port 3 contains the following IO cells:
[IoId=6]: 
Pin : Name = Dedicated_Output_1
    Attributes:
        In Group/Port: False
        In Sync Option: AUTO
        Out Sync Option: AUTO
        Interrupt generated: False
        Interrupt mode: NONE
        Drive mode: HI_Z_ANALOG
        VTrip: EITHER
        Slew: FAST
        Input Sync needed: False
        Output Sync needed: False
        SC shield enabled: False
        POR State: ANY
        LCD Mode: COMMON
        Register Mode: RegComb
        CaSense Mode: NEITHER
        Treat as pin: True
        Is OE Registered: False
        Uses Analog: True
        Can contain Digital: False
        Is SIO: False
        SIO Output Buf: NONREGULATED
        SIO Input Buf: SINGLE_ENDED
        SIO HiFreq: LOW
        SIO Hyst: DISABLED
        SIO Vtrip: MULTIPLIER_0_5
        SIO Multiplier Index: 0
        SIO RefSel: VCC_IO
        Required Capabilities: ANALOG
        Initial Value: 0
        IO Voltage: 0
    PORT MAP (
        pa_out => Dedicated_Output_1__PA ,
        analog_term => Net_19 );
    Properties:
    {
    }

Port 12 contains the following IO cells:
Port 15 contains the following IO cells:
ARM group 0: empty
CAN group 0: empty
Cache group 0: empty
CapSense group 0: empty
Clock group 0: 
    Clock Block @ F(Clock,0): 
    clockblockcell: Name =ClockBlock
        PORT MAP (
            imo => ClockBlock_IMO ,
            pllout => ClockBlock_PLL_OUT ,
            ilo => ClockBlock_ILO ,
            clk_100k => ClockBlock_100k ,
            clk_1k => ClockBlock_1k ,
            clk_32k => ClockBlock_32k ,
            xtal => ClockBlock_XTAL ,
            clk_32k_xtal => ClockBlock_XTAL_32KHZ ,
            clk_sync => ClockBlock_MASTER_CLK ,
            clk_bus_glb => ClockBlock_BUS_CLK ,
            clk_bus => ClockBlock_BUS_CLK_local ,
            dclk_glb_0 => Net_31 ,
            dclk_0 => Net_31_local ,
            dclk_glb_1 => \SineWaveX:Net_279\ ,
            dclk_1 => \SineWaveX:Net_279_local\ ,
            dclk_glb_2 => \SineWaveY:Net_279\ ,
            dclk_2 => \SineWaveY:Net_279_local\ );
        Properties:
        {
        }
Comparator group 0: empty
DFB group 0: empty
DSM group 0: empty
Decimator group 0: empty
EMIF group 0: empty
I2C group 0: empty
LCD group 0: empty
LVD group 0: empty
PICU group 0: empty
PM group 0: empty
SC group 0: empty
SPC group 0: empty
Timer group 0: empty
USB group 0: empty
VIDAC group 0: 
    VIDAC Block @ F(VIDAC,2): 
    vidaccell: Name =\SineWaveY:VDAC8:viDAC8\
        PORT MAP (
            strobe_udb => \SineWaveY:Net_279_local\ ,
            vout => \SineWaveY:Net_189\ ,
            iout => \SineWaveY:VDAC8:Net_77\ );
        Properties:
        {
            cy_registers = ""
            is_all_if_any = 0
            reg_data = 0
        }
    VIDAC Block @ F(VIDAC,3): 
    vidaccell: Name =\SineWaveX:VDAC8:viDAC8\
        PORT MAP (
            strobe_udb => \SineWaveX:Net_279_local\ ,
            vout => \SineWaveX:Net_189\ ,
            iout => \SineWaveX:VDAC8:Net_77\ );
        Properties:
        {
            cy_registers = ""
            is_all_if_any = 0
            reg_data = 0
        }
OpAmp group 0: 
    Opamp Block @ F(OpAmp,1): 
    abufcell: Name =\SineWaveX:BuffAmp:ABuf\
        PORT MAP (
            vplus => \SineWaveX:Net_189\ ,
            vminus => Net_19 ,
            vout => Net_19 );
        Properties:
        {
            cy_registers = ""
        }
    Opamp Block @ F(OpAmp,2): 
    abufcell: Name =\SineWaveY:BuffAmp:ABuf\
        PORT MAP (
            vplus => \SineWaveY:Net_189\ ,
            vminus => Net_22 ,
            vout => Net_22 );
        Properties:
        {
            cy_registers = ""
        }
CsAbuf group 0: empty
Vref group 0: empty
LPF group 0: empty
SAR group 0: empty
ANAIF group 0: empty
PHUB group 0: empty
</CYPRESSTAG>
<CYPRESSTAG name="Port Configuration Details">

------------------------------------------------------------
Port Configuration report
------------------------------------------------------------
     |     |       | Interrupt |                  |                    | 
Port | Pin | Fixed |      Type |       Drive Mode |               Name | Connections
-----+-----+-------+-----------+------------------+--------------------+-----------------
   0 |   0 |       |      NONE |      HI_Z_ANALOG |   Dedicated_Output | Analog(Net_22)
     |   6 |     * |      NONE |      HI_Z_ANALOG |          X_axis(0) | Analog(Net_19)
     |   7 |     * |      NONE |      HI_Z_ANALOG |          Y_axis(0) | Analog(Net_22)
-----+-----+-------+-----------+------------------+--------------------+-----------------
   2 |   1 |     * |      NONE |         CMOS_OUT |             LED(0) | In(Net_31_local)
     |   2 |     * |      NONE |    RES_PULL_DOWN |    Switch_Input(0) | 
-----+-----+-------+-----------+------------------+--------------------+-----------------
   3 |   6 |       |      NONE |      HI_Z_ANALOG | Dedicated_Output_1 | Analog(Net_19)
-----------------------------------------------------------------------------------------
</CYPRESSTAG>
</CYPRESSTAG>
</CYPRESSTAG>
Digital component placer commit/Report: Elapsed time ==> 0s.018ms
Digital Placement phase: Elapsed time ==> 0s.706ms
</CYPRESSTAG>
<CYPRESSTAG name="Digital Routing">
"C:\Program Files (x86)\Cypress\PSoC Creator\4.4\PSoC Creator\bin/sjrouter.exe" --xml-path "C:\Program Files (x86)\Cypress\PSoC Creator\4.4\PSoC Creator\dev\psoc5/psoc5lp/route_arch-rrg.cydata" --vh2-path "PSoC Code_r.vh2" --pcf-path "PSoC Code.pco" --des-name "PSoC Code" --dsf-path "PSoC Code.dsf" --sdc-path "PSoC Code.sdc" --lib-path "PSoC Code_r.lib"
Routing successful.
Digital Routing phase: Elapsed time ==> 0s.784ms
</CYPRESSTAG>
<CYPRESSTAG name="Bitstream Generation">
Bitstream Generation phase: Elapsed time ==> 0s.218ms
</CYPRESSTAG>
<CYPRESSTAG name="Bitstream Verification">
Bitstream Verification phase: Elapsed time ==> 0s.056ms
</CYPRESSTAG>
<CYPRESSTAG name="Static timing analysis">
Timing report is in PSoC Code_timing.html.
Static timing analysis phase: Elapsed time ==> 0s.223ms
</CYPRESSTAG>
<CYPRESSTAG name="Data reporting">
Data reporting phase: Elapsed time ==> 0s.004ms
</CYPRESSTAG>
<CYPRESSTAG name="Database update...">
Design database save phase: Elapsed time ==> 0s.120ms
</CYPRESSTAG>
cydsfit: Elapsed time ==> 3s.310ms
</CYPRESSTAG>
Fitter phase: Elapsed time ==> 3s.317ms
API generation phase: Elapsed time ==> 1s.065ms
Dependency generation phase: Elapsed time ==> 0s.013ms
Cleanup phase: Elapsed time ==> 0s.000ms
